-------------------------------------------------------------------------------
Test set: hu.elte.koliCalc.KoliCalcApplicationTests
-------------------------------------------------------------------------------
Tests run: 1, Failures: 0, Errors: 1, Skipped: 0, Time elapsed: 0.2 s <<< FAILURE! - in hu.elte.koliCalc.KoliCalcApplicationTests
initializationError(hu.elte.koliCalc.KoliCalcApplicationTests)  Time elapsed: 0.005 s  <<< ERROR!
java.lang.Exception: No runnable methods

