-------------------------------------------------------------------------------
Test set: hu.elte.koliCalc.controllers.PersonalInformationControllerTest
-------------------------------------------------------------------------------
Tests run: 1, Failures: 0, Errors: 1, Skipped: 0, Time elapsed: 0.007 s <<< FAILURE! - in hu.elte.koliCalc.controllers.PersonalInformationControllerTest
testGetAllPersonalInfo(hu.elte.koliCalc.controllers.PersonalInformationControllerTest)  Time elapsed: 0.002 s  <<< ERROR!
java.lang.NullPointerException
	at hu.elte.koliCalc.controllers.PersonalInformationControllerTest.testGetAllPersonalInfo(PersonalInformationControllerTest.java:51)

