-------------------------------------------------------------------------------
Test set: hu.elte.koliCalc.controllers.SportInformationControllerTest
-------------------------------------------------------------------------------
Tests run: 1, Failures: 0, Errors: 1, Skipped: 0, Time elapsed: 0.004 s <<< FAILURE! - in hu.elte.koliCalc.controllers.SportInformationControllerTest
testGetAllSportInfo(hu.elte.koliCalc.controllers.SportInformationControllerTest)  Time elapsed: 0.002 s  <<< ERROR!
java.lang.NullPointerException
	at hu.elte.koliCalc.controllers.SportInformationControllerTest.testGetAllSportInfo(SportInformationControllerTest.java:51)

