-------------------------------------------------------------------------------
Test set: hu.elte.koliCalc.controllers.RelativeControllerTest
-------------------------------------------------------------------------------
Tests run: 1, Failures: 0, Errors: 1, Skipped: 0, Time elapsed: 0.013 s <<< FAILURE! - in hu.elte.koliCalc.controllers.RelativeControllerTest
testGetAllRelative(hu.elte.koliCalc.controllers.RelativeControllerTest)  Time elapsed: 0.011 s  <<< ERROR!
java.lang.NullPointerException
	at hu.elte.koliCalc.controllers.RelativeControllerTest.testGetAllRelative(RelativeControllerTest.java:51)

