-------------------------------------------------------------------------------
Test set: hu.elte.koliCalc.controllers.StudyInformationControllerTest
-------------------------------------------------------------------------------
Tests run: 1, Failures: 0, Errors: 1, Skipped: 0, Time elapsed: 0.013 s <<< FAILURE! - in hu.elte.koliCalc.controllers.StudyInformationControllerTest
testGetAllStudyInfo(hu.elte.koliCalc.controllers.StudyInformationControllerTest)  Time elapsed: 0.01 s  <<< ERROR!
java.lang.NullPointerException
	at hu.elte.koliCalc.controllers.StudyInformationControllerTest.testGetAllStudyInfo(StudyInformationControllerTest.java:51)

